<?xml version="1.0" encoding="UTF-8"?>
<testsuite xmlns:xsi="http://www.w3.org/2001/XMLSchema-instance" xsi:noNamespaceSchemaLocation="https://maven.apache.org/surefire/maven-surefire-plugin/xsd/surefire-test-report-3.0.xsd" version="3.0" name="ut.GranitePrPlugin.MyComponentUnitTest" time="0.041" tests="1" errors="0" skipped="0" failures="0">
  <properties>
    <property name="gopherProxySet" value="false"/>
    <property name="awt.toolkit" value="sun.lwawt.macosx.LWCToolkit"/>
    <property name="java.specification.version" value="11"/>
    <property name="sun.cpu.isalist" value=""/>
    <property name="sun.jnu.encoding" value="UTF-8"/>
    <property name="java.class.path" value="/Users/j.b.campbell/repos/granite-bitbucket-plugin/granite-pr-plugin/target/test-classes:/Users/j.b.campbell/repos/granite-bitbucket-plugin/granite-pr-plugin/target/classes:/Users/j.b.campbell/.m2/repository/com/atlassian/bitbucket/server/bitbucket-api/8.19.9/bitbucket-api-8.19.9.jar:/Users/j.b.campbell/.m2/repository/com/atlassian/analytics/analytics-api/8.4.3/analytics-api-8.4.3.jar:/Users/j.b.campbell/.m2/repository/com/atlassian/audit/atlassian-audit-api/1.16.3/atlassian-audit-api-1.16.3.jar:/Users/j.b.campbell/.m2/repository/com/atlassian/annotations/atlassian-annotations/4.0.3/atlassian-annotations-4.0.3.jar:/Users/j.b.campbell/.m2/repository/org/checkerframework/checker-qual/3.42.0/checker-qual-3.42.0.jar:/Users/j.b.campbell/.m2/repository/com/atlassian/crowd/embedded-crowd-api/5.2.2/embedded-crowd-api-5.2.2.jar:/Users/j.b.campbell/.m2/repository/com/atlassian/event/atlassian-event/5.1.0/atlassian-event-5.1.0.jar:/Users/j.b.campbell/.m2/repository/com/atlassian/extras/atlassian-extras-api/3.4.6/atlassian-extras-api-3.4.6.jar:/Users/j.b.campbell/.m2/repository/com/google/code/findbugs/jsr305/3.0.2/jsr305-3.0.2.jar:/Users/j.b.campbell/.m2/repository/com/google/guava/guava/32.1.3-jre/guava-32.1.3-jre.jar:/Users/j.b.campbell/.m2/repository/com/google/guava/failureaccess/1.0.1/failureaccess-1.0.1.jar:/Users/j.b.campbell/.m2/repository/com/google/guava/listenablefuture/9999.0-empty-to-avoid-conflict-with-guava/listenablefuture-9999.0-empty-to-avoid-conflict-with-guava.jar:/Users/j.b.campbell/.m2/repository/com/google/errorprone/error_prone_annotations/2.21.1/error_prone_annotations-2.21.1.jar:/Users/j.b.campbell/.m2/repository/com/google/j2objc/j2objc-annotations/2.8/j2objc-annotations-2.8.jar:/Users/j.b.campbell/.m2/repository/javax/activation/activation/1.1.1/activation-1.1.1.jar:/Users/j.b.campbell/.m2/repository/org/hibernate/validator/hibernate-validator/6.2.5.Final/hibernate-validator-6.2.5.Final.jar:/Users/j.b.campbell/.m2/repository/jakarta/validation/jakarta.validation-api/2.0.2/jakarta.validation-api-2.0.2.jar:/Users/j.b.campbell/.m2/repository/org/jboss/logging/jboss-logging/3.3.2.Final/jboss-logging-3.3.2.Final.jar:/Users/j.b.campbell/.m2/repository/com/fasterxml/classmate/1.5.1/classmate-1.5.1.jar:/Users/j.b.campbell/.m2/repository/org/slf4j/slf4j-api/1.7.36/slf4j-api-1.7.36.jar:/Users/j.b.campbell/.m2/repository/com/atlassian/bitbucket/server/bitbucket-spi/8.19.9/bitbucket-spi-8.19.9.jar:/Users/j.b.campbell/.m2/repository/com/atlassian/plugins/atlassian-plugins-core/7.5.6/atlassian-plugins-core-7.5.6.jar:/Users/j.b.campbell/.m2/repository/com/atlassian/plugins/atlassian-plugins-api/7.5.6/atlassian-plugins-api-7.5.6.jar:/Users/j.b.campbell/.m2/repository/io/atlassian/util/concurrent/atlassian-util-concurrent/4.0.1/atlassian-util-concurrent-4.0.1.jar:/Users/j.b.campbell/.m2/repository/commons-io/commons-io/2.15.1/commons-io-2.15.1.jar:/Users/j.b.campbell/.m2/repository/org/dom4j/dom4j/2.1.4/dom4j-2.1.4.jar:/Users/j.b.campbell/.m2/repository/jaxen/jaxen/1.2.0-atlassian-2/jaxen-1.2.0-atlassian-2.jar:/Users/j.b.campbell/.m2/repository/io/atlassian/fugue/fugue/5.0.2/fugue-5.0.2.jar:/Users/j.b.campbell/.m2/repository/com/atlassian/security/atlassian-secure-xml/4.1.0/atlassian-secure-xml-4.1.0.jar:/Users/j.b.campbell/.m2/repository/net/jcip/com.springsource.net.jcip.annotations/1.0.0/com.springsource.net.jcip.annotations-1.0.0.jar:/Users/j.b.campbell/.m2/repository/com/atlassian/profiling/atlassian-profiling-api/4.9.1/atlassian-profiling-api-4.9.1.jar:/Users/j.b.campbell/.m2/repository/com/atlassian/profiling/atlassian-profiling/4.9.1/atlassian-profiling-4.9.1.jar:/Users/j.b.campbell/.m2/repository/com/atlassian/plugin/atlassian-spring-scanner-annotation/2.2.4/atlassian-spring-scanner-annotation-2.2.4.jar:/Users/j.b.campbell/.m2/repository/javax/inject/javax.inject/1/javax.inject-1.jar:/Users/j.b.campbell/.m2/repository/com/atlassian/sal/sal-api/5.2.0/sal-api-5.2.0.jar:/Users/j.b.campbell/.m2/repository/com/google/code/gson/gson/2.10.1/gson-2.10.1.jar:/Users/j.b.campbell/.m2/repository/javax/servlet/javax.servlet-api/4.0.1/javax.servlet-api-4.0.1.jar:/Users/j.b.campbell/.m2/repository/javax/ws/rs/jsr311-api/1.1.1/jsr311-api-1.1.1.jar:/Users/j.b.campbell/.m2/repository/org/apache/commons/commons-lang3/3.14.0/commons-lang3-3.14.0.jar:/Users/j.b.campbell/.m2/repository/com/atlassian/plugins/atlassian-plugins-osgi-testrunner/2.0.9/atlassian-plugins-osgi-testrunner-2.0.9.jar:/Users/j.b.campbell/.m2/repository/org/codehaus/jackson/jackson-core-asl/1.9.14-atlassian-6/jackson-core-asl-1.9.14-atlassian-6.jar:/Users/j.b.campbell/.m2/repository/org/apache/wink/wink-client/1.1.3-incubating/wink-client-1.1.3-incubating.jar:/Users/j.b.campbell/.m2/repository/org/apache/wink/wink-common/1.1.3-incubating/wink-common-1.1.3-incubating.jar:/Users/j.b.campbell/.m2/repository/org/apache/geronimo/specs/geronimo-annotation_1.1_spec/1.0/geronimo-annotation_1.1_spec-1.0.jar:/Users/j.b.campbell/.m2/repository/javax/xml/bind/jaxb-api/2.3.1/jaxb-api-2.3.1.jar:/Users/j.b.campbell/.m2/repository/javax/activation/javax.activation-api/1.2.0/javax.activation-api-1.2.0.jar:/Users/j.b.campbell/.m2/repository/com/sun/xml/bind/jaxb-impl/2.2.1.1/jaxb-impl-2.2.1.1.jar:/Users/j.b.campbell/.m2/repository/com/atlassian/upm/upm-api/6.5.9/upm-api-6.5.9.jar:/Users/j.b.campbell/.m2/repository/junit/junit/4.13.2/junit-4.13.2.jar:/Users/j.b.campbell/.m2/repository/org/hamcrest/hamcrest-core/2.2/hamcrest-core-2.2.jar:/Users/j.b.campbell/.m2/repository/org/hamcrest/hamcrest/2.2/hamcrest-2.2.jar:"/>
    <property name="java.vm.vendor" value="Amazon.com Inc."/>
    <property name="sun.arch.data.model" value="64"/>
    <property name="java.vendor.url" value="https://aws.amazon.com/corretto/"/>
    <property name="user.timezone" value=""/>
    <property name="java.vm.specification.version" value="11"/>
    <property name="os.name" value="Mac OS X"/>
    <property name="sun.java.launcher" value="SUN_STANDARD"/>
    <property name="user.country" value="GB"/>
    <property name="sun.boot.library.path" value="/Users/j.b.campbell/.sdkman/candidates/java/11.0.24-amzn/lib"/>
    <property name="sun.java.command" value="/Users/j.b.campbell/repos/granite-bitbucket-plugin/granite-pr-plugin/target/surefire/surefirebooter-20250828124415314_3.jar /Users/j.b.campbell/repos/granite-bitbucket-plugin/granite-pr-plugin/target/surefire 2025-08-28T12-44-15_128-jvmRun1 surefire-20250828124415314_1tmp surefire_0-20250828124415314_2tmp"/>
    <property name="jdk.debug" value="release"/>
    <property name="surefire.test.class.path" value="/Users/j.b.campbell/repos/granite-bitbucket-plugin/granite-pr-plugin/target/test-classes:/Users/j.b.campbell/repos/granite-bitbucket-plugin/granite-pr-plugin/target/classes:/Users/j.b.campbell/.m2/repository/com/atlassian/bitbucket/server/bitbucket-api/8.19.9/bitbucket-api-8.19.9.jar:/Users/j.b.campbell/.m2/repository/com/atlassian/analytics/analytics-api/8.4.3/analytics-api-8.4.3.jar:/Users/j.b.campbell/.m2/repository/com/atlassian/audit/atlassian-audit-api/1.16.3/atlassian-audit-api-1.16.3.jar:/Users/j.b.campbell/.m2/repository/com/atlassian/annotations/atlassian-annotations/4.0.3/atlassian-annotations-4.0.3.jar:/Users/j.b.campbell/.m2/repository/org/checkerframework/checker-qual/3.42.0/checker-qual-3.42.0.jar:/Users/j.b.campbell/.m2/repository/com/atlassian/crowd/embedded-crowd-api/5.2.2/embedded-crowd-api-5.2.2.jar:/Users/j.b.campbell/.m2/repository/com/atlassian/event/atlassian-event/5.1.0/atlassian-event-5.1.0.jar:/Users/j.b.campbell/.m2/repository/com/atlassian/extras/atlassian-extras-api/3.4.6/atlassian-extras-api-3.4.6.jar:/Users/j.b.campbell/.m2/repository/com/google/code/findbugs/jsr305/3.0.2/jsr305-3.0.2.jar:/Users/j.b.campbell/.m2/repository/com/google/guava/guava/32.1.3-jre/guava-32.1.3-jre.jar:/Users/j.b.campbell/.m2/repository/com/google/guava/failureaccess/1.0.1/failureaccess-1.0.1.jar:/Users/j.b.campbell/.m2/repository/com/google/guava/listenablefuture/9999.0-empty-to-avoid-conflict-with-guava/listenablefuture-9999.0-empty-to-avoid-conflict-with-guava.jar:/Users/j.b.campbell/.m2/repository/com/google/errorprone/error_prone_annotations/2.21.1/error_prone_annotations-2.21.1.jar:/Users/j.b.campbell/.m2/repository/com/google/j2objc/j2objc-annotations/2.8/j2objc-annotations-2.8.jar:/Users/j.b.campbell/.m2/repository/javax/activation/activation/1.1.1/activation-1.1.1.jar:/Users/j.b.campbell/.m2/repository/org/hibernate/validator/hibernate-validator/6.2.5.Final/hibernate-validator-6.2.5.Final.jar:/Users/j.b.campbell/.m2/repository/jakarta/validation/jakarta.validation-api/2.0.2/jakarta.validation-api-2.0.2.jar:/Users/j.b.campbell/.m2/repository/org/jboss/logging/jboss-logging/3.3.2.Final/jboss-logging-3.3.2.Final.jar:/Users/j.b.campbell/.m2/repository/com/fasterxml/classmate/1.5.1/classmate-1.5.1.jar:/Users/j.b.campbell/.m2/repository/org/slf4j/slf4j-api/1.7.36/slf4j-api-1.7.36.jar:/Users/j.b.campbell/.m2/repository/com/atlassian/bitbucket/server/bitbucket-spi/8.19.9/bitbucket-spi-8.19.9.jar:/Users/j.b.campbell/.m2/repository/com/atlassian/plugins/atlassian-plugins-core/7.5.6/atlassian-plugins-core-7.5.6.jar:/Users/j.b.campbell/.m2/repository/com/atlassian/plugins/atlassian-plugins-api/7.5.6/atlassian-plugins-api-7.5.6.jar:/Users/j.b.campbell/.m2/repository/io/atlassian/util/concurrent/atlassian-util-concurrent/4.0.1/atlassian-util-concurrent-4.0.1.jar:/Users/j.b.campbell/.m2/repository/commons-io/commons-io/2.15.1/commons-io-2.15.1.jar:/Users/j.b.campbell/.m2/repository/org/dom4j/dom4j/2.1.4/dom4j-2.1.4.jar:/Users/j.b.campbell/.m2/repository/jaxen/jaxen/1.2.0-atlassian-2/jaxen-1.2.0-atlassian-2.jar:/Users/j.b.campbell/.m2/repository/io/atlassian/fugue/fugue/5.0.2/fugue-5.0.2.jar:/Users/j.b.campbell/.m2/repository/com/atlassian/security/atlassian-secure-xml/4.1.0/atlassian-secure-xml-4.1.0.jar:/Users/j.b.campbell/.m2/repository/net/jcip/com.springsource.net.jcip.annotations/1.0.0/com.springsource.net.jcip.annotations-1.0.0.jar:/Users/j.b.campbell/.m2/repository/com/atlassian/profiling/atlassian-profiling-api/4.9.1/atlassian-profiling-api-4.9.1.jar:/Users/j.b.campbell/.m2/repository/com/atlassian/profiling/atlassian-profiling/4.9.1/atlassian-profiling-4.9.1.jar:/Users/j.b.campbell/.m2/repository/com/atlassian/plugin/atlassian-spring-scanner-annotation/2.2.4/atlassian-spring-scanner-annotation-2.2.4.jar:/Users/j.b.campbell/.m2/repository/javax/inject/javax.inject/1/javax.inject-1.jar:/Users/j.b.campbell/.m2/repository/com/atlassian/sal/sal-api/5.2.0/sal-api-5.2.0.jar:/Users/j.b.campbell/.m2/repository/com/google/code/gson/gson/2.10.1/gson-2.10.1.jar:/Users/j.b.campbell/.m2/repository/javax/servlet/javax.servlet-api/4.0.1/javax.servlet-api-4.0.1.jar:/Users/j.b.campbell/.m2/repository/javax/ws/rs/jsr311-api/1.1.1/jsr311-api-1.1.1.jar:/Users/j.b.campbell/.m2/repository/org/apache/commons/commons-lang3/3.14.0/commons-lang3-3.14.0.jar:/Users/j.b.campbell/.m2/repository/com/atlassian/plugins/atlassian-plugins-osgi-testrunner/2.0.9/atlassian-plugins-osgi-testrunner-2.0.9.jar:/Users/j.b.campbell/.m2/repository/org/codehaus/jackson/jackson-core-asl/1.9.14-atlassian-6/jackson-core-asl-1.9.14-atlassian-6.jar:/Users/j.b.campbell/.m2/repository/org/apache/wink/wink-client/1.1.3-incubating/wink-client-1.1.3-incubating.jar:/Users/j.b.campbell/.m2/repository/org/apache/wink/wink-common/1.1.3-incubating/wink-common-1.1.3-incubating.jar:/Users/j.b.campbell/.m2/repository/org/apache/geronimo/specs/geronimo-annotation_1.1_spec/1.0/geronimo-annotation_1.1_spec-1.0.jar:/Users/j.b.campbell/.m2/repository/javax/xml/bind/jaxb-api/2.3.1/jaxb-api-2.3.1.jar:/Users/j.b.campbell/.m2/repository/javax/activation/javax.activation-api/1.2.0/javax.activation-api-1.2.0.jar:/Users/j.b.campbell/.m2/repository/com/sun/xml/bind/jaxb-impl/2.2.1.1/jaxb-impl-2.2.1.1.jar:/Users/j.b.campbell/.m2/repository/com/atlassian/upm/upm-api/6.5.9/upm-api-6.5.9.jar:/Users/j.b.campbell/.m2/repository/junit/junit/4.13.2/junit-4.13.2.jar:/Users/j.b.campbell/.m2/repository/org/hamcrest/hamcrest-core/2.2/hamcrest-core-2.2.jar:/Users/j.b.campbell/.m2/repository/org/hamcrest/hamcrest/2.2/hamcrest-2.2.jar:"/>
    <property name="sun.cpu.endian" value="little"/>
    <property name="user.home" value="/Users/j.b.campbell"/>
    <property name="user.language" value="en"/>
    <property name="java.specification.vendor" value="Oracle Corporation"/>
    <property name="java.version.date" value="2024-07-16"/>
    <property name="java.home" value="/Users/j.b.campbell/.sdkman/candidates/java/11.0.24-amzn"/>
    <property name="file.separator" value="/"/>
    <property name="basedir" value="/Users/j.b.campbell/repos/granite-bitbucket-plugin/granite-pr-plugin"/>
    <property name="java.vm.compressedOopsMode" value="Zero based"/>
    <property name="line.separator" value="&#10;"/>
    <property name="java.specification.name" value="Java Platform API Specification"/>
    <property name="java.vm.specification.vendor" value="Oracle Corporation"/>
    <property name="java.awt.graphicsenv" value="sun.awt.CGraphicsEnvironment"/>
    <property name="surefire.real.class.path" value="/Users/j.b.campbell/repos/granite-bitbucket-plugin/granite-pr-plugin/target/surefire/surefirebooter-20250828124415314_3.jar"/>
    <property name="sun.management.compiler" value="HotSpot 64-Bit Tiered Compilers"/>
    <property name="java.runtime.version" value="11.0.24+8-LTS"/>
    <property name="user.name" value="j.b.campbell"/>
    <property name="path.separator" value=":"/>
    <property name="os.version" value="15.6"/>
    <property name="java.runtime.name" value="OpenJDK Runtime Environment"/>
    <property name="file.encoding" value="UTF-8"/>
    <property name="java.vm.name" value="OpenJDK 64-Bit Server VM"/>
    <property name="java.vendor.version" value="Corretto-11.0.24.8.1"/>
    <property name="localRepository" value="/Users/j.b.campbell/.m2/repository"/>
    <property name="java.vendor.url.bug" value="https://github.com/corretto/corretto-11/issues/"/>
    <property name="java.io.tmpdir" value="/var/folders/23/2xcnq4hj5_g0j6fc5nnxb6080000gn/T/"/>
    <property name="java.version" value="11.0.24"/>
    <property name="user.dir" value="/Users/j.b.campbell/repos/granite-bitbucket-plugin/granite-pr-plugin"/>
    <property name="os.arch" value="aarch64"/>
    <property name="java.vm.specification.name" value="Java Virtual Machine Specification"/>
    <property name="java.awt.printerjob" value="sun.lwawt.macosx.CPrinterJob"/>
    <property name="sun.os.patch.level" value="unknown"/>
    <property name="java.library.path" value="/Users/j.b.campbell/Library/Java/Extensions:/Library/Java/Extensions:/Network/Library/Java/Extensions:/System/Library/Java/Extensions:/usr/lib/java:."/>
    <property name="java.vm.info" value="mixed mode"/>
    <property name="java.vendor" value="Amazon.com Inc."/>
    <property name="java.vm.version" value="11.0.24+8-LTS"/>
    <property name="java.specification.maintenance.version" value="2"/>
    <property name="sun.io.unicode.encoding" value="UnicodeBig"/>
    <property name="java.class.version" value="55.0"/>
  </properties>
  <testcase name="testMyName" classname="ut.GranitePrPlugin.MyComponentUnitTest" time="0.004"/>
</testsuite>